# JRE version: OpenJDK Runtime Environment (8.0_242-b01) (build 1.8.0_242-release-1644-b01)
# Java VM: OpenJDK 64-Bit Server VM (25.242-b01 mixed mode windows-amd64 compressed oops)
Heap:
 PSYoungGen      total 422912K, used 243189K [0x00000000e0000000, 0x00000000ffa00000, 0x0000000100000000)
  eden space 334848K, 71% used [0x00000000e0000000,0x00000000ee9bd770,0x00000000f4700000)
  from space 88064K, 4% used [0x00000000fa400000,0x00000000fa7c0000,0x00000000ffa00000)
  to   space 91648K, 0% used [0x00000000f4700000,0x00000000f4700000,0x00000000fa080000)
 ParOldGen       total 617472K, used 258777K [0x00000000a0000000, 0x00000000c5b00000, 0x00000000e0000000)
  object space 617472K, 41% used [0x00000000a0000000,0x00000000afcb65e0,0x00000000c5b00000)
 Metaspace       used 102052K, capacity 108040K, committed 109336K, reserved 1144832K
  class space    used 13112K, capacity 14161K, committed 14384K, reserved 1048576K
GC Heap History (10 events):
Event: 7017.254 GC heap before
{Heap before GC invocations=72 (full 7):
 PSYoungGen      total 376832K, used 376821K [0x00000000e0000000, 0x0000000100000000, 0x0000000100000000)
  eden space 321536K, 100% used [0x00000000e0000000,0x00000000f3a00000,0x00000000f3a00000)
  from space 55296K, 99% used [0x00000000fca00000,0x00000000ffffd760,0x0000000100000000)
  to   space 101376K, 0% used [0x00000000f3a00000,0x00000000f3a00000,0x00000000f9d00000)
 ParOldGen       total 379392K, used 244206K [0x00000000a0000000, 0x00000000b7280000, 0x00000000e0000000)
  object space 379392K, 64% used [0x00000000a0000000,0x00000000aee7baf0,0x00000000b7280000)
 Metaspace       used 101232K, capacity 106942K, committed 108824K, reserved 1144832K
  class space    used 13008K, capacity 14006K, committed 14384K, reserved 1048576K
Event: 7017.353 GC heap after
Heap after GC invocations=72 (full 7):
 PSYoungGen      total 422912K, used 40715K [0x00000000e0000000, 0x0000000100000000, 0x0000000100000000)
  eden space 321536K, 0% used [0x00000000e0000000,0x00000000e0000000,0x00000000f3a00000)
  from space 101376K, 40% used [0x00000000f3a00000,0x00000000f61c2f90,0x00000000f9d00000)
  to   space 97280K, 0% used [0x00000000fa100000,0x00000000fa100000,0x0000000100000000)
 ParOldGen       total 379392K, used 298992K [0x00000000a0000000, 0x00000000b7280000, 0x00000000e0000000)
  object space 379392K, 78% used [0x00000000a0000000,0x00000000b23fc0b8,0x00000000b7280000)
 Metaspace       used 101232K, capacity 106942K, committed 108824K, reserved 1144832K
  class space    used 13008K, capacity 14006K, committed 14384K, reserved 1048576K
}
Event: 7018.701 GC heap before
{Heap before GC invocations=73 (full 7):
 PSYoungGen      total 422912K, used 362251K [0x00000000e0000000, 0x0000000100000000, 0x0000000100000000)
  eden space 321536K, 100% used [0x00000000e0000000,0x00000000f3a00000,0x00000000f3a00000)
  from space 101376K, 40% used [0x00000000f3a00000,0x00000000f61c2f90,0x00000000f9d00000)
  to   space 97280K, 0% used [0x00000000fa100000,0x00000000fa100000,0x0000000100000000)
 ParOldGen       total 379392K, used 298992K [0x00000000a0000000, 0x00000000b7280000, 0x00000000e0000000)
  object space 379392K, 78% used [0x00000000a0000000,0x00000000b23fc0b8,0x00000000b7280000)
 Metaspace       used 102052K, capacity 108048K, committed 109336K, reserved 1144832K
  class space    used 13112K, capacity 14163K, committed 14384K, reserved 1048576K
Event: 7018.738 GC heap after
Heap after GC invocations=73 (full 7):
 PSYoungGen      total 414720K, used 8532K [0x00000000e0000000, 0x00000000ff800000, 0x0000000100000000)
  eden space 325632K, 0% used [0x00000000e0000000,0x00000000e0000000,0x00000000f3e00000)
  from space 89088K, 9% used [0x00000000fa100000,0x00000000fa9551f0,0x00000000ff800000)
  to   space 95232K, 0% used [0x00000000f3e00000,0x00000000f3e00000,0x00000000f9b00000)
 ParOldGen       total 379392K, used 327393K [0x00000000a0000000, 0x00000000b7280000, 0x00000000e0000000)
  object space 379392K, 86% used [0x00000000a0000000,0x00000000b3fb87d8,0x00000000b7280000)
 Metaspace       used 102052K, capacity 108048K, committed 109336K, reserved 1144832K
  class space    used 13112K, capacity 14163K, committed 14384K, reserved 1048576K
}
Event: 7018.738 GC heap before
{Heap before GC invocations=74 (full 8):
 PSYoungGen      total 414720K, used 8532K [0x00000000e0000000, 0x00000000ff800000, 0x0000000100000000)
  eden space 325632K, 0% used [0x00000000e0000000,0x00000000e0000000,0x00000000f3e00000)
  from space 89088K, 9% used [0x00000000fa100000,0x00000000fa9551f0,0x00000000ff800000)
  to   space 95232K, 0% used [0x00000000f3e00000,0x00000000f3e00000,0x00000000f9b00000)
 ParOldGen       total 379392K, used 327393K [0x00000000a0000000, 0x00000000b7280000, 0x00000000e0000000)
  object space 379392K, 86% used [0x00000000a0000000,0x00000000b3fb87d8,0x00000000b7280000)
 Metaspace       used 102052K, capacity 108048K, committed 109336K, reserved 1144832K
  class space    used 13112K, capacity 14163K, committed 14384K, reserved 1048576K
Event: 7019.674 GC heap after
Heap after GC invocations=74 (full 8):
 PSYoungGen      total 414720K, used 0K [0x00000000e0000000, 0x00000000ff800000, 0x0000000100000000)
  eden space 325632K, 0% used [0x00000000e0000000,0x00000000e0000000,0x00000000f3e00000)
  from space 89088K, 0% used [0x00000000fa100000,0x00000000fa100000,0x00000000ff800000)
  to   space 95232K, 0% used [0x00000000f3e00000,0x00000000f3e00000,0x00000000f9b00000)
 ParOldGen       total 617472K, used 258777K [0x00000000a0000000, 0x00000000c5b00000, 0x00000000e0000000)
  object space 617472K, 41% used [0x00000000a0000000,0x00000000afcb65e0,0x00000000c5b00000)
 Metaspace       used 102049K, capacity 108040K, committed 109336K, reserved 1144832K
  class space    used 13111K, capacity 14161K, committed 14384K, reserved 1048576K
}
Event: 7020.355 GC heap before
{Heap before GC invocations=75 (full 8):
 PSYoungGen      total 414720K, used 325632K [0x00000000e0000000, 0x00000000ff800000, 0x0000000100000000)
  eden space 325632K, 100% used [0x00000000e0000000,0x00000000f3e00000,0x00000000f3e00000)
  from space 89088K, 0% used [0x00000000fa100000,0x00000000fa100000,0x00000000ff800000)
  to   space 95232K, 0% used [0x00000000f3e00000,0x00000000f3e00000,0x00000000f9b00000)
 ParOldGen       total 617472K, used 258777K [0x00000000a0000000, 0x00000000c5b00000, 0x00000000e0000000)
  object space 617472K, 41% used [0x00000000a0000000,0x00000000afcb65e0,0x00000000c5b00000)
 Metaspace       used 102052K, capacity 108040K, committed 109336K, reserved 1144832K
  class space    used 13112K, capacity 14161K, committed 14384K, reserved 1048576K
Event: 7020.364 GC heap after
Heap after GC invocations=75 (full 8):
 PSYoungGen      total 420864K, used 1952K [0x00000000e0000000, 0x0000000100000000, 0x0000000100000000)
  eden space 325632K, 0% used [0x00000000e0000000,0x00000000e0000000,0x00000000f3e00000)
  from space 95232K, 2% used [0x00000000f3e00000,0x00000000f3fe8000,0x00000000f9b00000)
  to   space 94208K, 0% used [0x00000000fa400000,0x00000000fa400000,0x0000000100000000)
 ParOldGen       total 617472K, used 258777K [0x00000000a0000000, 0x00000000c5b00000, 0x00000000e0000000)
  object space 617472K, 41% used [0x00000000a0000000,0x00000000afcb65e0,0x00000000c5b00000)
 Metaspace       used 102052K, capacity 108040K, committed 109336K, reserved 1144832K
  class space    used 13112K, capacity 14161K, committed 14384K, reserved 1048576K
}
Event: 7021.003 GC heap before
{Heap before GC invocations=76 (full 8):
 PSYoungGen      total 420864K, used 327584K [0x00000000e0000000, 0x0000000100000000, 0x0000000100000000)
  eden space 325632K, 100% used [0x00000000e0000000,0x00000000f3e00000,0x00000000f3e00000)
  from space 95232K, 2% used [0x00000000f3e00000,0x00000000f3fe8000,0x00000000f9b00000)
  to   space 94208K, 0% used [0x00000000fa400000,0x00000000fa400000,0x0000000100000000)
 ParOldGen       total 617472K, used 258777K [0x00000000a0000000, 0x00000000c5b00000, 0x00000000e0000000)
  object space 617472K, 41% used [0x00000000a0000000,0x00000000afcb65e0,0x00000000c5b00000)
 Metaspace       used 102052K, capacity 108040K, committed 109336K, reserved 1144832K
  class space    used 13112K, capacity 14161K, committed 14384K, reserved 1048576K
Event: 7021.009 GC heap after
Heap after GC invocations=76 (full 8):
 PSYoungGen      total 422912K, used 3840K [0x00000000e0000000, 0x00000000ffa00000, 0x0000000100000000)
  eden space 334848K, 0% used [0x00000000e0000000,0x00000000e0000000,0x00000000f4700000)
  from space 88064K, 4% used [0x00000000fa400000,0x00000000fa7c0000,0x00000000ffa00000)
  to   space 91648K, 0% used [0x00000000f4700000,0x00000000f4700000,0x00000000fa080000)
 ParOldGen       total 617472K, used 258777K [0x00000000a0000000, 0x00000000c5b00000, 0x00000000e0000000)
  object space 617472K, 41% used [0x00000000a0000000,0x00000000afcb65e0,0x00000000c5b00000)
 Metaspace       used 102052K, capacity 108040K, committed 109336K, reserved 1144832K
  class space    used 13112K, capacity 14161K, committed 14384K, reserved 1048576K
}

