# JRE version: OpenJDK Runtime Environment (8.0_212-b04) (build 1.8.0_212-release-1586-b04)
# Java VM: OpenJDK 64-Bit Server VM (25.212-b04 mixed mode windows-amd64 compressed oops)
Heap:
 PSYoungGen      total 384512K, used 126143K [0x00000000e0000000, 0x0000000100000000, 0x0000000100000000)
  eden space 244736K, 36% used [0x00000000e0000000,0x00000000e577e9e0,0x00000000eef00000)
  from space 139776K, 26% used [0x00000000eef00000,0x00000000f12b1270,0x00000000f7780000)
  to   space 133120K, 0% used [0x00000000f7e00000,0x00000000f7e00000,0x0000000100000000)
 ParOldGen       total 542208K, used 355104K [0x00000000a0000000, 0x00000000c1180000, 0x00000000e0000000)
  object space 542208K, 65% used [0x00000000a0000000,0x00000000b5ac8258,0x00000000c1180000)
 Metaspace       used 102882K, capacity 107692K, committed 107904K, reserved 1142784K
  class space    used 13155K, capacity 14094K, committed 14208K, reserved 1048576K
GC Heap History (10 events):
Event: 215.113 GC heap before
{Heap before GC invocations=68 (full 7):
 PSYoungGen      total 428032K, used 341198K [0x00000000e0000000, 0x0000000100000000, 0x0000000100000000)
  eden space 336384K, 99% used [0x00000000e0000000,0x00000000f4875668,0x00000000f4880000)
  from space 91648K, 5% used [0x00000000fa080000,0x00000000fa53e540,0x00000000ffa00000)
  to   space 90112K, 0% used [0x00000000f4880000,0x00000000f4880000,0x00000000fa080000)
 ParOldGen       total 542208K, used 249687K [0x00000000a0000000, 0x00000000c1180000, 0x00000000e0000000)
  object space 542208K, 46% used [0x00000000a0000000,0x00000000af3d5f78,0x00000000c1180000)
 Metaspace       used 101789K, capacity 106328K, committed 106880K, reserved 1142784K
  class space    used 13081K, capacity 13980K, committed 14208K, reserved 1048576K
Event: 215.119 GC heap after
Heap after GC invocations=68 (full 7):
 PSYoungGen      total 426496K, used 21225K [0x00000000e0000000, 0x00000000ff480000, 0x0000000100000000)
  eden space 336384K, 0% used [0x00000000e0000000,0x00000000e0000000,0x00000000f4880000)
  from space 90112K, 23% used [0x00000000f4880000,0x00000000f5d3a560,0x00000000fa080000)
  to   space 84992K, 0% used [0x00000000fa180000,0x00000000fa180000,0x00000000ff480000)
 ParOldGen       total 542208K, used 249695K [0x00000000a0000000, 0x00000000c1180000, 0x00000000e0000000)
  object space 542208K, 46% used [0x00000000a0000000,0x00000000af3d7f78,0x00000000c1180000)
 Metaspace       used 101789K, capacity 106328K, committed 106880K, reserved 1142784K
  class space    used 13081K, capacity 13980K, committed 14208K, reserved 1048576K
}
Event: 216.148 GC heap before
{Heap before GC invocations=69 (full 7):
 PSYoungGen      total 426496K, used 357609K [0x00000000e0000000, 0x00000000ff480000, 0x0000000100000000)
  eden space 336384K, 100% used [0x00000000e0000000,0x00000000f4880000,0x00000000f4880000)
  from space 90112K, 23% used [0x00000000f4880000,0x00000000f5d3a560,0x00000000fa080000)
  to   space 84992K, 0% used [0x00000000fa180000,0x00000000fa180000,0x00000000ff480000)
 ParOldGen       total 542208K, used 249695K [0x00000000a0000000, 0x00000000c1180000, 0x00000000e0000000)
  object space 542208K, 46% used [0x00000000a0000000,0x00000000af3d7f78,0x00000000c1180000)
 Metaspace       used 101909K, capacity 106420K, committed 106880K, reserved 1142784K
  class space    used 13086K, capacity 13984K, committed 14208K, reserved 1048576K
Event: 216.324 GC heap after
Heap after GC invocations=69 (full 7):
 PSYoungGen      total 360448K, used 84976K [0x00000000e0000000, 0x0000000100000000, 0x0000000100000000)
  eden space 275456K, 0% used [0x00000000e0000000,0x00000000e0000000,0x00000000f0d00000)
  from space 84992K, 99% used [0x00000000fa180000,0x00000000ff47c298,0x00000000ff480000)
  to   space 124416K, 0% used [0x00000000f0d00000,0x00000000f0d00000,0x00000000f8680000)
 ParOldGen       total 542208K, used 314308K [0x00000000a0000000, 0x00000000c1180000, 0x00000000e0000000)
  object space 542208K, 57% used [0x00000000a0000000,0x00000000b32f10b8,0x00000000c1180000)
 Metaspace       used 101909K, capacity 106420K, committed 106880K, reserved 1142784K
  class space    used 13086K, capacity 13984K, committed 14208K, reserved 1048576K
}
Event: 218.119 GC heap before
{Heap before GC invocations=70 (full 7):
 PSYoungGen      total 360448K, used 360432K [0x00000000e0000000, 0x0000000100000000, 0x0000000100000000)
  eden space 275456K, 100% used [0x00000000e0000000,0x00000000f0d00000,0x00000000f0d00000)
  from space 84992K, 99% used [0x00000000fa180000,0x00000000ff47c298,0x00000000ff480000)
  to   space 124416K, 0% used [0x00000000f0d00000,0x00000000f0d00000,0x00000000f8680000)
 ParOldGen       total 542208K, used 314308K [0x00000000a0000000, 0x00000000c1180000, 0x00000000e0000000)
  object space 542208K, 57% used [0x00000000a0000000,0x00000000b32f10b8,0x00000000c1180000)
 Metaspace       used 101917K, capacity 106484K, committed 106880K, reserved 1142784K
  class space    used 13086K, capacity 13984K, committed 14208K, reserved 1048576K
Event: 218.198 GC heap after
Heap after GC invocations=70 (full 7):
 PSYoungGen      total 399872K, used 124389K [0x00000000e0000000, 0x0000000100000000, 0x0000000100000000)
  eden space 275456K, 0% used [0x00000000e0000000,0x00000000e0000000,0x00000000f0d00000)
  from space 124416K, 99% used [0x00000000f0d00000,0x00000000f8679770,0x00000000f8680000)
  to   space 124416K, 0% used [0x00000000f8680000,0x00000000f8680000,0x0000000100000000)
 ParOldGen       total 542208K, used 320108K [0x00000000a0000000, 0x00000000c1180000, 0x00000000e0000000)
  object space 542208K, 59% used [0x00000000a0000000,0x00000000b389b208,0x00000000c1180000)
 Metaspace       used 101917K, capacity 106484K, committed 106880K, reserved 1142784K
  class space    used 13086K, capacity 13984K, committed 14208K, reserved 1048576K
}
Event: 219.200 GC heap before
{Heap before GC invocations=71 (full 7):
 PSYoungGen      total 399872K, used 399845K [0x00000000e0000000, 0x0000000100000000, 0x0000000100000000)
  eden space 275456K, 100% used [0x00000000e0000000,0x00000000f0d00000,0x00000000f0d00000)
  from space 124416K, 99% used [0x00000000f0d00000,0x00000000f8679770,0x00000000f8680000)
  to   space 124416K, 0% used [0x00000000f8680000,0x00000000f8680000,0x0000000100000000)
 ParOldGen       total 542208K, used 320452K [0x00000000a0000000, 0x00000000c1180000, 0x00000000e0000000)
  object space 542208K, 59% used [0x00000000a0000000,0x00000000b38f13c0,0x00000000c1180000)
 Metaspace       used 102112K, capacity 106610K, committed 107136K, reserved 1142784K
  class space    used 13103K, capacity 13993K, committed 14208K, reserved 1048576K
Event: 219.247 GC heap after
Heap after GC invocations=71 (full 7):
 PSYoungGen      total 369152K, used 45309K [0x00000000e0000000, 0x0000000100000000, 0x0000000100000000)
  eden space 244736K, 0% used [0x00000000e0000000,0x00000000e0000000,0x00000000eef00000)
  from space 124416K, 36% used [0x00000000f8680000,0x00000000fb2bf728,0x0000000100000000)
  to   space 139776K, 0% used [0x00000000eef00000,0x00000000eef00000,0x00000000f7780000)
 ParOldGen       total 542208K, used 355091K [0x00000000a0000000, 0x00000000c1180000, 0x00000000e0000000)
  object space 542208K, 65% used [0x00000000a0000000,0x00000000b5ac4d98,0x00000000c1180000)
 Metaspace       used 102112K, capacity 106610K, committed 107136K, reserved 1142784K
  class space    used 13103K, capacity 13993K, committed 14208K, reserved 1048576K
}
Event: 1949.405 GC heap before
{Heap before GC invocations=72 (full 7):
 PSYoungGen      total 369152K, used 290045K [0x00000000e0000000, 0x0000000100000000, 0x0000000100000000)
  eden space 244736K, 100% used [0x00000000e0000000,0x00000000eef00000,0x00000000eef00000)
  from space 124416K, 36% used [0x00000000f8680000,0x00000000fb2bf728,0x0000000100000000)
  to   space 139776K, 0% used [0x00000000eef00000,0x00000000eef00000,0x00000000f7780000)
 ParOldGen       total 542208K, used 355096K [0x00000000a0000000, 0x00000000c1180000, 0x00000000e0000000)
  object space 542208K, 65% used [0x00000000a0000000,0x00000000b5ac6258,0x00000000c1180000)
 Metaspace       used 102840K, capacity 107692K, committed 107904K, reserved 1142784K
  class space    used 13155K, capacity 14094K, committed 14208K, reserved 1048576K
Event: 1949.437 GC heap after
Heap after GC invocations=72 (full 7):
 PSYoungGen      total 384512K, used 36548K [0x00000000e0000000, 0x0000000100000000, 0x0000000100000000)
  eden space 244736K, 0% used [0x00000000e0000000,0x00000000e0000000,0x00000000eef00000)
  from space 139776K, 26% used [0x00000000eef00000,0x00000000f12b1270,0x00000000f7780000)
  to   space 133120K, 0% used [0x00000000f7e00000,0x00000000f7e00000,0x0000000100000000)
 ParOldGen       total 542208K, used 355104K [0x00000000a0000000, 0x00000000c1180000, 0x00000000e0000000)
  object space 542208K, 65% used [0x00000000a0000000,0x00000000b5ac8258,0x00000000c1180000)
 Metaspace       used 102840K, capacity 107692K, committed 107904K, reserved 1142784K
  class space    used 13155K, capacity 14094K, committed 14208K, reserved 1048576K
}

