# JRE version: OpenJDK Runtime Environment (8.0_242-b01) (build 1.8.0_242-release-1644-b01)
# Java VM: OpenJDK 64-Bit Server VM (25.242-b01 mixed mode windows-amd64 compressed oops)
Heap:
 PSYoungGen      total 358912K, used 185462K [0x00000000e0000000, 0x0000000100000000, 0x0000000100000000)
  eden space 334336K, 48% used [0x00000000e0000000,0x00000000e9d225c0,0x00000000f4680000)
  from space 24576K, 99% used [0x00000000f4680000,0x00000000f5e7b3c8,0x00000000f5e80000)
  to   space 33280K, 0% used [0x00000000fdf80000,0x00000000fdf80000,0x0000000100000000)
 ParOldGen       total 159744K, used 63078K [0x00000000a0000000, 0x00000000a9c00000, 0x00000000e0000000)
  object space 159744K, 39% used [0x00000000a0000000,0x00000000a3d99a18,0x00000000a9c00000)
 Metaspace       used 89059K, capacity 94270K, committed 94360K, reserved 1130496K
  class space    used 12178K, capacity 13147K, committed 13232K, reserved 1048576K
GC Heap History (10 events):
Event: 25.438 GC heap before
{Heap before GC invocations=12 (full 2):
 PSYoungGen      total 221184K, used 18343K [0x00000000e0000000, 0x00000000f0980000, 0x0000000100000000)
  eden space 206848K, 1% used [0x00000000e0000000,0x00000000e03f0938,0x00000000eca00000)
  from space 14336K, 99% used [0x00000000eca00000,0x00000000ed7f92f0,0x00000000ed800000)
  to   space 20992K, 0% used [0x00000000ef500000,0x00000000ef500000,0x00000000f0980000)
 ParOldGen       total 126976K, used 31314K [0x00000000a0000000, 0x00000000a7c00000, 0x00000000e0000000)
  object space 126976K, 24% used [0x00000000a0000000,0x00000000a1e94808,0x00000000a7c00000)
 Metaspace       used 56755K, capacity 58962K, committed 59160K, reserved 1099776K
  class space    used 7684K, capacity 8213K, committed 8240K, reserved 1048576K
Event: 25.488 GC heap after
Heap after GC invocations=12 (full 2):
 PSYoungGen      total 251392K, used 8496K [0x00000000e0000000, 0x00000000f6000000, 0x0000000100000000)
  eden space 230400K, 0% used [0x00000000e0000000,0x00000000e0000000,0x00000000ee100000)
  from space 20992K, 40% used [0x00000000ef500000,0x00000000efd4c010,0x00000000f0980000)
  to   space 20480K, 0% used [0x00000000ee100000,0x00000000ee100000,0x00000000ef500000)
 ParOldGen       total 126976K, used 37192K [0x00000000a0000000, 0x00000000a7c00000, 0x00000000e0000000)
  object space 126976K, 29% used [0x00000000a0000000,0x00000000a24520b0,0x00000000a7c00000)
 Metaspace       used 56755K, capacity 58962K, committed 59160K, reserved 1099776K
  class space    used 7684K, capacity 8213K, committed 8240K, reserved 1048576K
}
Event: 25.488 GC heap before
{Heap before GC invocations=13 (full 3):
 PSYoungGen      total 251392K, used 8496K [0x00000000e0000000, 0x00000000f6000000, 0x0000000100000000)
  eden space 230400K, 0% used [0x00000000e0000000,0x00000000e0000000,0x00000000ee100000)
  from space 20992K, 40% used [0x00000000ef500000,0x00000000efd4c010,0x00000000f0980000)
  to   space 20480K, 0% used [0x00000000ee100000,0x00000000ee100000,0x00000000ef500000)
 ParOldGen       total 126976K, used 37192K [0x00000000a0000000, 0x00000000a7c00000, 0x00000000e0000000)
  object space 126976K, 29% used [0x00000000a0000000,0x00000000a24520b0,0x00000000a7c00000)
 Metaspace       used 56755K, capacity 58962K, committed 59160K, reserved 1099776K
  class space    used 7684K, capacity 8213K, committed 8240K, reserved 1048576K
Event: 26.090 GC heap after
Heap after GC invocations=13 (full 3):
 PSYoungGen      total 251392K, used 0K [0x00000000e0000000, 0x00000000f6000000, 0x0000000100000000)
  eden space 230400K, 0% used [0x00000000e0000000,0x00000000e0000000,0x00000000ee100000)
  from space 20992K, 0% used [0x00000000ef500000,0x00000000ef500000,0x00000000f0980000)
  to   space 20480K, 0% used [0x00000000ee100000,0x00000000ee100000,0x00000000ef500000)
 ParOldGen       total 159744K, used 31571K [0x00000000a0000000, 0x00000000a9c00000, 0x00000000e0000000)
  object space 159744K, 19% used [0x00000000a0000000,0x00000000a1ed4f80,0x00000000a9c00000)
 Metaspace       used 56731K, capacity 58878K, committed 59160K, reserved 1099776K
  class space    used 7676K, capacity 8199K, committed 8240K, reserved 1048576K
}
Event: 31.517 GC heap before
{Heap before GC invocations=14 (full 3):
 PSYoungGen      total 251392K, used 230400K [0x00000000e0000000, 0x00000000f6000000, 0x0000000100000000)
  eden space 230400K, 100% used [0x00000000e0000000,0x00000000ee100000,0x00000000ee100000)
  from space 20992K, 0% used [0x00000000ef500000,0x00000000ef500000,0x00000000f0980000)
  to   space 20480K, 0% used [0x00000000ee100000,0x00000000ee100000,0x00000000ef500000)
 ParOldGen       total 159744K, used 31571K [0x00000000a0000000, 0x00000000a9c00000, 0x00000000e0000000)
  object space 159744K, 19% used [0x00000000a0000000,0x00000000a1ed4f80,0x00000000a9c00000)
 Metaspace       used 63945K, capacity 67024K, committed 67352K, reserved 1107968K
  class space    used 8717K, capacity 9402K, committed 9520K, reserved 1048576K
Event: 31.543 GC heap after
Heap after GC invocations=14 (full 3):
 PSYoungGen      total 250880K, used 20454K [0x00000000e0000000, 0x00000000f7b00000, 0x0000000100000000)
  eden space 230400K, 0% used [0x00000000e0000000,0x00000000e0000000,0x00000000ee100000)
  from space 20480K, 99% used [0x00000000ee100000,0x00000000ef4f98b0,0x00000000ef500000)
  to   space 23552K, 0% used [0x00000000f6400000,0x00000000f6400000,0x00000000f7b00000)
 ParOldGen       total 159744K, used 32522K [0x00000000a0000000, 0x00000000a9c00000, 0x00000000e0000000)
  object space 159744K, 20% used [0x00000000a0000000,0x00000000a1fc28a8,0x00000000a9c00000)
 Metaspace       used 63945K, capacity 67024K, committed 67352K, reserved 1107968K
  class space    used 8717K, capacity 9402K, committed 9520K, reserved 1048576K
}
Event: 39.437 GC heap before
{Heap before GC invocations=15 (full 3):
 PSYoungGen      total 250880K, used 250854K [0x00000000e0000000, 0x00000000f7b00000, 0x0000000100000000)
  eden space 230400K, 100% used [0x00000000e0000000,0x00000000ee100000,0x00000000ee100000)
  from space 20480K, 99% used [0x00000000ee100000,0x00000000ef4f98b0,0x00000000ef500000)
  to   space 23552K, 0% used [0x00000000f6400000,0x00000000f6400000,0x00000000f7b00000)
 ParOldGen       total 159744K, used 32522K [0x00000000a0000000, 0x00000000a9c00000, 0x00000000e0000000)
  object space 159744K, 20% used [0x00000000a0000000,0x00000000a1fc28a8,0x00000000a9c00000)
 Metaspace       used 70872K, capacity 74100K, committed 74136K, reserved 1114112K
  class space    used 9655K, capacity 10384K, committed 10416K, reserved 1048576K
Event: 39.500 GC heap after
Heap after GC invocations=15 (full 3):
 PSYoungGen      total 353280K, used 18199K [0x00000000e0000000, 0x00000000f7680000, 0x0000000100000000)
  eden space 334336K, 0% used [0x00000000e0000000,0x00000000e0000000,0x00000000f4680000)
  from space 18944K, 96% used [0x00000000f6400000,0x00000000f75c5dd0,0x00000000f7680000)
  to   space 24576K, 0% used [0x00000000f4680000,0x00000000f4680000,0x00000000f5e80000)
 ParOldGen       total 159744K, used 48317K [0x00000000a0000000, 0x00000000a9c00000, 0x00000000e0000000)
  object space 159744K, 30% used [0x00000000a0000000,0x00000000a2f2f6c0,0x00000000a9c00000)
 Metaspace       used 70872K, capacity 74100K, committed 74136K, reserved 1114112K
  class space    used 9655K, capacity 10384K, committed 10416K, reserved 1048576K
}
Event: 100.028 GC heap before
{Heap before GC invocations=16 (full 3):
 PSYoungGen      total 353280K, used 352535K [0x00000000e0000000, 0x00000000f7680000, 0x0000000100000000)
  eden space 334336K, 100% used [0x00000000e0000000,0x00000000f4680000,0x00000000f4680000)
  from space 18944K, 96% used [0x00000000f6400000,0x00000000f75c5dd0,0x00000000f7680000)
  to   space 24576K, 0% used [0x00000000f4680000,0x00000000f4680000,0x00000000f5e80000)
 ParOldGen       total 159744K, used 48317K [0x00000000a0000000, 0x00000000a9c00000, 0x00000000e0000000)
  object space 159744K, 30% used [0x00000000a0000000,0x00000000a2f2f6c0,0x00000000a9c00000)
 Metaspace       used 84223K, capacity 88610K, committed 88728K, reserved 1126400K
  class space    used 11532K, capacity 12423K, committed 12464K, reserved 1048576K
Event: 100.107 GC heap after
Heap after GC invocations=16 (full 3):
 PSYoungGen      total 358912K, used 24556K [0x00000000e0000000, 0x0000000100000000, 0x0000000100000000)
  eden space 334336K, 0% used [0x00000000e0000000,0x00000000e0000000,0x00000000f4680000)
  from space 24576K, 99% used [0x00000000f4680000,0x00000000f5e7b3c8,0x00000000f5e80000)
  to   space 33280K, 0% used [0x00000000fdf80000,0x00000000fdf80000,0x0000000100000000)
 ParOldGen       total 159744K, used 63078K [0x00000000a0000000, 0x00000000a9c00000, 0x00000000e0000000)
  object space 159744K, 39% used [0x00000000a0000000,0x00000000a3d99a18,0x00000000a9c00000)
 Metaspace       used 84223K, capacity 88610K, committed 88728K, reserved 1126400K
  class space    used 11532K, capacity 12423K, committed 12464K, reserved 1048576K
}

