# JRE version: OpenJDK Runtime Environment (8.0_242-b01) (build 1.8.0_242-release-1644-b01)
# Java VM: OpenJDK 64-Bit Server VM (25.242-b01 mixed mode windows-amd64 compressed oops)
Heap:
 PSYoungGen      total 267776K, used 224926K [0x00000000e0000000, 0x00000000f2900000, 0x0000000100000000)
  eden space 246272K, 82% used [0x00000000e0000000,0x00000000ec789370,0x00000000ef080000)
  from space 21504K, 95% used [0x00000000f0800000,0x00000000f1c1e670,0x00000000f1d00000)
  to   space 24064K, 0% used [0x00000000ef080000,0x00000000ef080000,0x00000000f0800000)
 ParOldGen       total 188928K, used 40172K [0x00000000a0000000, 0x00000000ab880000, 0x00000000e0000000)
  object space 188928K, 21% used [0x00000000a0000000,0x00000000a273b1a0,0x00000000ab880000)
 Metaspace       used 69046K, capacity 72268K, committed 72600K, reserved 1112064K
  class space    used 9383K, capacity 10078K, committed 10160K, reserved 1048576K
GC Heap History (10 events):
Event: 14.611 GC heap before
{Heap before GC invocations=9 (full 2):
 PSYoungGen      total 132608K, used 9406K [0x00000000e0000000, 0x00000000eee00000, 0x0000000100000000)
  eden space 120320K, 0% used [0x00000000e0000000,0x00000000e0000000,0x00000000e7580000)
  from space 12288K, 76% used [0x00000000e7580000,0x00000000e7eaf880,0x00000000e8180000)
  to   space 12288K, 0% used [0x00000000ee200000,0x00000000ee200000,0x00000000eee00000)
 ParOldGen       total 82432K, used 7122K [0x00000000a0000000, 0x00000000a5080000, 0x00000000e0000000)
  object space 82432K, 8% used [0x00000000a0000000,0x00000000a06f49e0,0x00000000a5080000)
 Metaspace       used 34439K, capacity 35406K, committed 35496K, reserved 1079296K
  class space    used 4710K, capacity 5000K, committed 5040K, reserved 1048576K
Event: 14.711 GC heap after
Heap after GC invocations=9 (full 2):
 PSYoungGen      total 132608K, used 0K [0x00000000e0000000, 0x00000000eee00000, 0x0000000100000000)
  eden space 120320K, 0% used [0x00000000e0000000,0x00000000e0000000,0x00000000e7580000)
  from space 12288K, 0% used [0x00000000e7580000,0x00000000e7580000,0x00000000e8180000)
  to   space 12288K, 0% used [0x00000000ee200000,0x00000000ee200000,0x00000000eee00000)
 ParOldGen       total 119808K, used 16089K [0x00000000a0000000, 0x00000000a7500000, 0x00000000e0000000)
  object space 119808K, 13% used [0x00000000a0000000,0x00000000a0fb67a8,0x00000000a7500000)
 Metaspace       used 34439K, capacity 35406K, committed 35496K, reserved 1079296K
  class space    used 4710K, capacity 5000K, committed 5040K, reserved 1048576K
}
Event: 18.144 GC heap before
{Heap before GC invocations=10 (full 2):
 PSYoungGen      total 132608K, used 120123K [0x00000000e0000000, 0x00000000eee00000, 0x0000000100000000)
  eden space 120320K, 99% used [0x00000000e0000000,0x00000000e754edc8,0x00000000e7580000)
  from space 12288K, 0% used [0x00000000e7580000,0x00000000e7580000,0x00000000e8180000)
  to   space 12288K, 0% used [0x00000000ee200000,0x00000000ee200000,0x00000000eee00000)
 ParOldGen       total 119808K, used 16089K [0x00000000a0000000, 0x00000000a7500000, 0x00000000e0000000)
  object space 119808K, 13% used [0x00000000a0000000,0x00000000a0fb67a8,0x00000000a7500000)
 Metaspace       used 44708K, capacity 46374K, committed 46760K, reserved 1089536K
  class space    used 6032K, capacity 6453K, committed 6576K, reserved 1048576K
Event: 18.166 GC heap after
Heap after GC invocations=10 (full 2):
 PSYoungGen      total 200192K, used 12264K [0x00000000e0000000, 0x00000000eee00000, 0x0000000100000000)
  eden space 187904K, 0% used [0x00000000e0000000,0x00000000e0000000,0x00000000eb780000)
  from space 12288K, 99% used [0x00000000ee200000,0x00000000eedfa370,0x00000000eee00000)
  to   space 14848K, 0% used [0x00000000ed100000,0x00000000ed100000,0x00000000edf80000)
 ParOldGen       total 119808K, used 19418K [0x00000000a0000000, 0x00000000a7500000, 0x00000000e0000000)
  object space 119808K, 16% used [0x00000000a0000000,0x00000000a12f6930,0x00000000a7500000)
 Metaspace       used 44708K, capacity 46374K, committed 46760K, reserved 1089536K
  class space    used 6032K, capacity 6453K, committed 6576K, reserved 1048576K
}
Event: 23.095 GC heap before
{Heap before GC invocations=11 (full 2):
 PSYoungGen      total 200192K, used 197430K [0x00000000e0000000, 0x00000000eee00000, 0x0000000100000000)
  eden space 187904K, 98% used [0x00000000e0000000,0x00000000eb4d3580,0x00000000eb780000)
  from space 12288K, 99% used [0x00000000ee200000,0x00000000eedfa370,0x00000000eee00000)
  to   space 14848K, 0% used [0x00000000ed100000,0x00000000ed100000,0x00000000edf80000)
 ParOldGen       total 119808K, used 19418K [0x00000000a0000000, 0x00000000a7500000, 0x00000000e0000000)
  object space 119808K, 16% used [0x00000000a0000000,0x00000000a12f6930,0x00000000a7500000)
 Metaspace       used 56818K, capacity 58942K, committed 59160K, reserved 1099776K
  class space    used 7692K, capacity 8237K, committed 8240K, reserved 1048576K
Event: 23.165 GC heap after
Heap after GC invocations=11 (full 2):
 PSYoungGen      total 228864K, used 14836K [0x00000000e0000000, 0x00000000f1d00000, 0x0000000100000000)
  eden space 214016K, 0% used [0x00000000e0000000,0x00000000e0000000,0x00000000ed100000)
  from space 14848K, 99% used [0x00000000ed100000,0x00000000edf7d310,0x00000000edf80000)
  to   space 21504K, 0% used [0x00000000f0800000,0x00000000f0800000,0x00000000f1d00000)
 ParOldGen       total 119808K, used 32169K [0x00000000a0000000, 0x00000000a7500000, 0x00000000e0000000)
  object space 119808K, 26% used [0x00000000a0000000,0x00000000a1f6a690,0x00000000a7500000)
 Metaspace       used 56818K, capacity 58942K, committed 59160K, reserved 1099776K
  class space    used 7692K, capacity 8237K, committed 8240K, reserved 1048576K
}
Event: 23.165 GC heap before
{Heap before GC invocations=12 (full 3):
 PSYoungGen      total 228864K, used 14836K [0x00000000e0000000, 0x00000000f1d00000, 0x0000000100000000)
  eden space 214016K, 0% used [0x00000000e0000000,0x00000000e0000000,0x00000000ed100000)
  from space 14848K, 99% used [0x00000000ed100000,0x00000000edf7d310,0x00000000edf80000)
  to   space 21504K, 0% used [0x00000000f0800000,0x00000000f0800000,0x00000000f1d00000)
 ParOldGen       total 119808K, used 32169K [0x00000000a0000000, 0x00000000a7500000, 0x00000000e0000000)
  object space 119808K, 26% used [0x00000000a0000000,0x00000000a1f6a690,0x00000000a7500000)
 Metaspace       used 56818K, capacity 58942K, committed 59160K, reserved 1099776K
  class space    used 7692K, capacity 8237K, committed 8240K, reserved 1048576K
Event: 23.815 GC heap after
Heap after GC invocations=12 (full 3):
 PSYoungGen      total 228864K, used 0K [0x00000000e0000000, 0x00000000f1d00000, 0x0000000100000000)
  eden space 214016K, 0% used [0x00000000e0000000,0x00000000e0000000,0x00000000ed100000)
  from space 14848K, 0% used [0x00000000ed100000,0x00000000ed100000,0x00000000edf80000)
  to   space 21504K, 0% used [0x00000000f0800000,0x00000000f0800000,0x00000000f1d00000)
 ParOldGen       total 188928K, used 40164K [0x00000000a0000000, 0x00000000ab880000, 0x00000000e0000000)
  object space 188928K, 21% used [0x00000000a0000000,0x00000000a27391a0,0x00000000ab880000)
 Metaspace       used 56807K, capacity 58906K, committed 59160K, reserved 1099776K
  class space    used 7689K, capacity 8231K, committed 8240K, reserved 1048576K
}
Event: 29.501 GC heap before
{Heap before GC invocations=13 (full 3):
 PSYoungGen      total 228864K, used 214016K [0x00000000e0000000, 0x00000000f1d00000, 0x0000000100000000)
  eden space 214016K, 100% used [0x00000000e0000000,0x00000000ed100000,0x00000000ed100000)
  from space 14848K, 0% used [0x00000000ed100000,0x00000000ed100000,0x00000000edf80000)
  to   space 21504K, 0% used [0x00000000f0800000,0x00000000f0800000,0x00000000f1d00000)
 ParOldGen       total 188928K, used 40164K [0x00000000a0000000, 0x00000000ab880000, 0x00000000e0000000)
  object space 188928K, 21% used [0x00000000a0000000,0x00000000a27391a0,0x00000000ab880000)
 Metaspace       used 63766K, capacity 66794K, committed 66968K, reserved 1107968K
  class space    used 8699K, capacity 9351K, committed 9392K, reserved 1048576K
Event: 29.537 GC heap after
Heap after GC invocations=13 (full 3):
 PSYoungGen      total 267776K, used 20601K [0x00000000e0000000, 0x00000000f2900000, 0x0000000100000000)
  eden space 246272K, 0% used [0x00000000e0000000,0x00000000e0000000,0x00000000ef080000)
  from space 21504K, 95% used [0x00000000f0800000,0x00000000f1c1e670,0x00000000f1d00000)
  to   space 24064K, 0% used [0x00000000ef080000,0x00000000ef080000,0x00000000f0800000)
 ParOldGen       total 188928K, used 40172K [0x00000000a0000000, 0x00000000ab880000, 0x00000000e0000000)
  object space 188928K, 21% used [0x00000000a0000000,0x00000000a273b1a0,0x00000000ab880000)
 Metaspace       used 63766K, capacity 66794K, committed 66968K, reserved 1107968K
  class space    used 8699K, capacity 9351K, committed 9392K, reserved 1048576K
}

